<?xml version="1.0" encoding="UTF-8"?>
<!-- Generated by org.testng.reporters.JUnitReportReporter -->
<testsuite hostname="LAPTOP-CF7R0JKV" failures="0" tests="2" name="courseEndProject.Assignment003And004" time="5.819" errors="0" timestamp="2023-12-20T12:42:50 IST" skipped="0">
  <testcase classname="courseEndProject.Assignment003And004" name="assignment003User" time="4.369"/>
  <system-out/>
  <testcase classname="courseEndProject.Assignment003And004" name="assignment004login" time="1.450"/>
  <system-out/>
</testsuite> <!-- courseEndProject.Assignment003And004 -->
