<?xml version="1.0" encoding="UTF-8"?>
<!-- Generated by org.testng.reporters.JUnitReportReporter -->
<testsuite hostname="LAPTOP-CF7R0JKV" failures="0" tests="2" name="courseEndProject.Assignment002" time="5.504" errors="0" timestamp="2023-12-20T12:38:18 IST" skipped="0">
  <testcase classname="courseEndProject.Assignment002" name="assignment002Post" time="3.903"/>
  <system-out/>
  <testcase classname="courseEndProject.Assignment002" name="assignment002Put" time="1.601"/>
  <system-out/>
</testsuite> <!-- courseEndProject.Assignment002 -->
