<?xml version="1.0" encoding="UTF-8"?>
<!-- Generated by org.testng.reporters.JUnitReportReporter -->
<testsuite hostname="LAPTOP-CF7R0JKV" failures="0" tests="2" name="courseEndProject.Assignment005And006" time="5.595" errors="0" timestamp="2023-12-20T12:44:34 IST" skipped="0">
  <testcase classname="courseEndProject.Assignment005And006" name="assignment005FindByStatus" time="3.361"/>
  <system-out/>
  <testcase classname="courseEndProject.Assignment005And006" name="assignment006Logout" time="2.234"/>
  <system-out/>
</testsuite> <!-- courseEndProject.Assignment005And006 -->
