<?xml version="1.0" encoding="UTF-8"?>
<!-- Generated by org.testng.reporters.JUnitReportReporter -->
<testsuite hostname="LAPTOP-CF7R0JKV" failures="0" tests="3" name="courseEndProject.Assignment001" time="7.310" errors="0" timestamp="2023-12-20T12:36:13 IST" skipped="0">
  <testcase classname="courseEndProject.Assignment001" name="Assignment001Post" time="4.249"/>
  <system-out/>
  <testcase classname="courseEndProject.Assignment001" name="assignment001Get" time="1.575"/>
  <system-out/>
  <testcase classname="courseEndProject.Assignment001" name="assignment001Delete" time="1.486"/>
  <system-out/>
</testsuite> <!-- courseEndProject.Assignment001 -->
